============================= test session starts =============================
platform win32 -- Python 3.8.2, pytest-5.4.1, py-1.8.1, pluggy-0.13.1 -- c:\users\pratibha\env3\scripts\python.exe
cachedir: .pytest_cache
rootdir: C:\Users\Pratibha\cm\cloudmesh-storage, inifile: pytest.ini
plugins: cov-2.8.1
collecting ... collected 5 items

tests/copy/Test_storage_service.py::TestStorageService::test_awstogoogle
[35m
# ######################################################################
# test_awstogoogle \tests\copy\Test_storage_service.py 16
# ######################################################################
[0m
Bucket:  <Bucket: gcp_516>
Source:  C:/Users/Pratibha/.cloudmesh/storage/tmp/5ccbca5b-2f0c-434c-9261-251d4a1554bf/uploadtest1.txt
Destination:  uploadtest_awsgoogle.txt
File C:/Users/Pratibha/.cloudmesh/storage/tmp/5ccbca5b-2f0c-434c-9261-251d4a1554bf/uploadtest1.txt uploaded to uploadtest_awsgoogle.txt.
PASSED
tests/copy/Test_storage_service.py::TestStorageService::test_googletoaws
[35m
# ######################################################################
# test_googletoaws \tests\copy\Test_storage_service.py 32
# ######################################################################
[0m
{'action': 'get',
 'destination': 'C:/Users/Pratibha/.cloudmesh/storage/tmp/46c6c3ac-2ee9-4ac3-bde9-92fd976a244c/uploadtest_awsgoogle.txt',
 'message': 'Source Downloaded',
 'objectlist': ['uploadtest_awsgoogle.txt'],
 'source': 'uploadtest_awsgoogle.txt'}
PASSED
tests/copy/Test_storage_service.py::TestStorageService::test_googletoawsDir
[35m
# ######################################################################
# test_googletoawsDir \tests\copy\Test_storage_service.py 46
# ######################################################################
[0m
{'action': 'get',
 'destination': 'C:/Users/Pratibha/.cloudmesh/storage/tmp/b79f3e24-fb9f-4821-821f-16600524ecb3/a1/',
 'message': 'Source Downloaded',
 'objectlist': ['a1/', 'a1/test1.txt'],
 'source': 'a1/'}
PASSED
tests/copy/Test_storage_service.py::TestStorageService::test_googletoawsDir2
[35m
# ######################################################################
# test_googletoawsDir2 \tests\copy\Test_storage_service.py 60
# ######################################################################
[0m
{'action': 'get',
 'destination': 'C:/Users/Pratibha/.cloudmesh/storage/tmp/f7521263-0e44-4b33-ad9e-91dce7d94be8/a1/testfolder/',
 'message': 'Source Downloaded',
 'objectlist': ['a1/testfolder/', 'a1/testfolder/testAwsToLocal.txt'],
 'source': 'a1/testfolder/'}
PASSED
tests/copy/Test_storage_service.py::TestStorageService::test_benchmark

+-------------------------------------------+----------+--------+---------------------+-------+-----------+----------+---------+---------------------------------+
| Name                                      | Status   |   Time | Start               | tag   | Node      | User     | OS      | Version                         |
|-------------------------------------------+----------+--------+---------------------+-------+-----------+----------+---------+---------------------------------|
| Test_storage_service/test_awstogoogle     | ok       | 19.109 | 2020-04-30 17:43:28 | copy  | PratiSree | Pratibha | Windows | ('10', '10.0.18362', 'SP0', '') |
| Test_storage_service/test_googletoaws     | ok       | 13.236 | 2020-04-30 17:43:47 | copy  | PratiSree | Pratibha | Windows | ('10', '10.0.18362', 'SP0', '') |
| Test_storage_service/test_googletoawsDir  | ok       | 14.817 | 2020-04-30 17:44:00 | copy  | PratiSree | Pratibha | Windows | ('10', '10.0.18362', 'SP0', '') |
| Test_storage_service/test_googletoawsDir2 | ok       | 12.694 | 2020-04-30 17:44:15 | copy  | PratiSree | Pratibha | Windows | ('10', '10.0.18362', 'SP0', '') |
+-------------------------------------------+----------+--------+---------------------+-------+-----------+----------+---------+---------------------------------+

# csv,timer,status,time,start,tag,uname.node,user,uname.system,platform.version
# csv,Test_storage_service/test_awstogoogle,ok,19.109,2020-04-30 17:43:28,copy,PratiSree,Pratibha,Windows,('10', '10.0.18362', 'SP0', '')
# csv,Test_storage_service/test_googletoaws,ok,13.236,2020-04-30 17:43:47,copy,PratiSree,Pratibha,Windows,('10', '10.0.18362', 'SP0', '')
# csv,Test_storage_service/test_googletoawsDir,ok,14.817,2020-04-30 17:44:00,copy,PratiSree,Pratibha,Windows,('10', '10.0.18362', 'SP0', '')
# csv,Test_storage_service/test_googletoawsDir2,ok,12.694,2020-04-30 17:44:15,copy,PratiSree,Pratibha,Windows,('10', '10.0.18362', 'SP0', '')

PASSED

======================== 5 passed in 65.98s (0:01:05) =========================
